  Logic classes.cpp
C:\Users\zombi\Documents\My folders\Classes\3 semester\AERSP 424\Homework2\My-repo\FINAL PROJECT\Project1\DataFuncs.h(23,13): error C2143: syntax error: missing ';' before '*'
C:\Users\zombi\Documents\My folders\Classes\3 semester\AERSP 424\Homework2\My-repo\FINAL PROJECT\Project1\DataFuncs.h(23,13): error C4430: missing type specifier - int assumed. Note: C++ does not support default-int
C:\Users\zombi\Documents\My folders\Classes\3 semester\AERSP 424\Homework2\My-repo\FINAL PROJECT\Project1\DataFuncs.h(23,19): error C2238: unexpected token(s) preceding ';'
C:\Users\zombi\Documents\My folders\Classes\3 semester\AERSP 424\Homework2\My-repo\FINAL PROJECT\Project1\Logic classes.cpp(41,23): warning C4018: '<': signed/unsigned mismatch
C:\Users\zombi\Documents\My folders\Classes\3 semester\AERSP 424\Homework2\My-repo\FINAL PROJECT\Project1\Logic classes.cpp(50,23): warning C4018: '<': signed/unsigned mismatch
C:\Users\zombi\Documents\My folders\Classes\3 semester\AERSP 424\Homework2\My-repo\FINAL PROJECT\Project1\Logic classes.cpp(76,5): error C2065: 'font': undeclared identifier
C:\Users\zombi\Documents\My folders\Classes\3 semester\AERSP 424\Homework2\My-repo\FINAL PROJECT\Project1\Logic classes.cpp(77,10): error C2065: 'font': undeclared identifier
C:\Users\zombi\Documents\My folders\Classes\3 semester\AERSP 424\Homework2\My-repo\FINAL PROJECT\Project1\Logic classes.cpp(101,14): warning C4244: '=': conversion from 'double' to 'int', possible loss of data
C:\Users\zombi\Documents\My folders\Classes\3 semester\AERSP 424\Homework2\My-repo\FINAL PROJECT\Project1\Logic classes.cpp(102,14): warning C4244: '=': conversion from 'double' to 'int', possible loss of data
C:\Users\zombi\Documents\My folders\Classes\3 semester\AERSP 424\Homework2\My-repo\FINAL PROJECT\Project1\Logic classes.cpp(103,14): warning C4244: '=': conversion from 'double' to 'int', possible loss of data
C:\Users\zombi\Documents\My folders\Classes\3 semester\AERSP 424\Homework2\My-repo\FINAL PROJECT\Project1\Logic classes.cpp(104,14): warning C4244: '=': conversion from 'double' to 'int', possible loss of data
C:\Users\zombi\Documents\My folders\Classes\3 semester\AERSP 424\Homework2\My-repo\FINAL PROJECT\Project1\Logic classes.cpp(115,53): error C2065: 'font': undeclared identifier
C:\Users\zombi\Documents\My folders\Classes\3 semester\AERSP 424\Homework2\My-repo\FINAL PROJECT\Project1\Logic classes.cpp(119,23): error C2065: 'font': undeclared identifier
C:\Users\zombi\Documents\My folders\Classes\3 semester\AERSP 424\Homework2\My-repo\FINAL PROJECT\Project1\Logic classes.cpp(128,23): error C2065: 'font': undeclared identifier
C:\Users\zombi\Documents\My folders\Classes\3 semester\AERSP 424\Homework2\My-repo\FINAL PROJECT\Project1\Logic classes.cpp(137,27): warning C4838: conversion from 'double' to 'int' requires a narrowing conversion
C:\Users\zombi\Documents\My folders\Classes\3 semester\AERSP 424\Homework2\My-repo\FINAL PROJECT\Project1\Logic classes.cpp(137,27): warning C4244: 'initializing': conversion from 'double' to 'int', possible loss of data
C:\Users\zombi\Documents\My folders\Classes\3 semester\AERSP 424\Homework2\My-repo\FINAL PROJECT\Project1\Logic classes.cpp(137,33): warning C4838: conversion from 'double' to 'int' requires a narrowing conversion
C:\Users\zombi\Documents\My folders\Classes\3 semester\AERSP 424\Homework2\My-repo\FINAL PROJECT\Project1\Logic classes.cpp(137,33): warning C4244: 'initializing': conversion from 'double' to 'int', possible loss of data
C:\Users\zombi\Documents\My folders\Classes\3 semester\AERSP 424\Homework2\My-repo\FINAL PROJECT\Project1\Logic classes.cpp(197,23): warning C4018: '<': signed/unsigned mismatch
C:\Users\zombi\Documents\My folders\Classes\3 semester\AERSP 424\Homework2\My-repo\FINAL PROJECT\Project1\Logic classes.cpp(212,19): error C2065: 'font': undeclared identifier
